[11-Mar-2026 18:25:59] NOTICE: fpm is running, pid 37300
[11-Mar-2026 18:25:59] NOTICE: ready to handle connections
[11-Mar-2026 18:28:03] NOTICE: Terminating ...
[11-Mar-2026 18:28:03] NOTICE: exiting, bye-bye!
[11-Mar-2026 18:28:03] NOTICE: fpm is running, pid 38703
[11-Mar-2026 18:28:03] NOTICE: ready to handle connections
[12-Mar-2026 19:37:14] NOTICE: Terminating ...
[12-Mar-2026 19:37:14] NOTICE: Terminating ...
[12-Mar-2026 19:37:15] NOTICE: exiting, bye-bye!
[20-Mar-2026 01:42:18] NOTICE: fpm is running, pid 80958
[20-Mar-2026 01:42:18] NOTICE: ready to handle connections
[20-Mar-2026 05:23:26] NOTICE: Terminating ...
[20-Mar-2026 05:23:26] NOTICE: Terminating ...
[20-Mar-2026 05:23:26] NOTICE: exiting, bye-bye!
[20-Mar-2026 21:10:23] NOTICE: fpm is running, pid 15659
[20-Mar-2026 21:10:23] NOTICE: ready to handle connections
[21-Mar-2026 04:05:12] NOTICE: Terminating ...
[21-Mar-2026 04:05:12] NOTICE: Terminating ...
[21-Mar-2026 04:05:12] NOTICE: exiting, bye-bye!
[21-Mar-2026 04:12:10] NOTICE: fpm is running, pid 93704
[21-Mar-2026 04:12:10] NOTICE: ready to handle connections
[21-Mar-2026 04:36:33] NOTICE: Terminating ...
[21-Mar-2026 04:36:33] NOTICE: Terminating ...
[21-Mar-2026 04:36:33] NOTICE: exiting, bye-bye!
[22-Mar-2026 12:05:33] NOTICE: fpm is running, pid 2517
[22-Mar-2026 12:05:33] NOTICE: ready to handle connections
[23-Mar-2026 01:26:54] NOTICE: Terminating ...
[23-Mar-2026 01:26:54] NOTICE: Terminating ...
[23-Mar-2026 01:26:54] NOTICE: exiting, bye-bye!
[24-Mar-2026 22:21:35] NOTICE: fpm is running, pid 69595
[24-Mar-2026 22:21:35] NOTICE: ready to handle connections
[25-Mar-2026 11:01:27] NOTICE: Terminating ...
[25-Mar-2026 11:01:27] NOTICE: Terminating ...
[25-Mar-2026 11:01:27] NOTICE: exiting, bye-bye!
[31-Mar-2026 21:31:45] NOTICE: fpm is running, pid 2449
[31-Mar-2026 21:31:45] NOTICE: ready to handle connections
[01-Apr-2026 02:29:30] NOTICE: Terminating ...
[01-Apr-2026 02:29:30] NOTICE: Terminating ...
[01-Apr-2026 02:29:30] NOTICE: exiting, bye-bye!
[01-Apr-2026 19:24:05] NOTICE: fpm is running, pid 24022
[01-Apr-2026 19:24:05] NOTICE: ready to handle connections
